<?xml version="1.0" encoding="UTF-8"?>
<testng-results ignored="0" total="2" passed="2" failed="0" skipped="0">
  <reporter-output>
  </reporter-output>
  <suite started-at="2023-11-25T13:47:53Z" name="Suite" finished-at="2023-11-25T13:52:32Z" duration-ms="279459">
    <groups>
    </groups>
    <test started-at="2023-11-25T13:47:53Z" name="TestNG" finished-at="2023-11-25T13:52:32Z" duration-ms="279459">
      <class name="testcases.LoginTest">
        <test-method is-config="true" signature="SetUp()[pri:0, instance:testcases.LoginTest@3943a2be]" started-at="2023-11-25T13:47:53Z" name="SetUp" finished-at="2023-11-25T13:48:12Z" duration-ms="18640" status="PASS">
          <reporter-output>
          </reporter-output>
        </test-method> <!-- SetUp -->
        <test-method signature="LoginFailiureTest()[pri:0, instance:testcases.LoginTest@3943a2be]" started-at="2023-11-25T13:48:12Z" name="LoginFailiureTest" finished-at="2023-11-25T13:51:07Z" duration-ms="175090" status="PASS">
          <reporter-output>
          </reporter-output>
        </test-method> <!-- LoginFailiureTest -->
        <test-method is-config="true" signature="TearDown()[pri:0, instance:testcases.LoginTest@3943a2be]" started-at="2023-11-25T13:51:07Z" name="TearDown" finished-at="2023-11-25T13:51:08Z" duration-ms="877" status="PASS">
          <reporter-output>
          </reporter-output>
        </test-method> <!-- TearDown -->
        <test-method is-config="true" signature="SetUp()[pri:0, instance:testcases.LoginTest@3943a2be]" started-at="2023-11-25T13:51:08Z" name="SetUp" finished-at="2023-11-25T13:51:18Z" duration-ms="10210" status="PASS">
          <reporter-output>
          </reporter-output>
        </test-method> <!-- SetUp -->
        <test-method signature="LoginSuccessTest()[pri:0, instance:testcases.LoginTest@3943a2be]" started-at="2023-11-25T13:51:18Z" name="LoginSuccessTest" finished-at="2023-11-25T13:52:32Z" duration-ms="73779" status="PASS">
          <reporter-output>
          </reporter-output>
        </test-method> <!-- LoginSuccessTest -->
        <test-method is-config="true" signature="TearDown()[pri:0, instance:testcases.LoginTest@3943a2be]" started-at="2023-11-25T13:52:32Z" name="TearDown" finished-at="2023-11-25T13:52:32Z" duration-ms="662" status="PASS">
          <reporter-output>
          </reporter-output>
        </test-method> <!-- TearDown -->
      </class> <!-- testcases.LoginTest -->
    </test> <!-- TestNG -->
  </suite> <!-- Suite -->
</testng-results>
